<?xml version="1.0" encoding="UTF-8"?>
<!-- Generated by org.testng.reporters.JUnitReportReporter -->
<testsuite hostname="DESKTOP-GMG7V01" name="com.test.jenkins.Test1" tests="1" failures="0" timestamp="24 Feb 2020 05:25:22 GMT" time="0.044" errors="0">
  <testcase name="testJenkins" time="0.044" classname="com.test.jenkins.Test1"/>
</testsuite> <!-- com.test.jenkins.Test1 -->
